
Настройка протокола IP для Windows

   Имя компьютера  . . . . . . . . . : WIN-TFQG93HJNIB
   Основной DNS-суффикс  . . . . . . : 
   Тип узла. . . . . . . . . . . . . : Гибридный
   IP-маршрутизация включена . . . . : Нет
   WINS-прокси включен . . . . . . . : Нет

Ethernet adapter Подключение по локальной сети:

   DNS-суффикс подключения . . . . . : 
   Описание. . . . . . . . . . . . . : Сетевое подключение Intel(R) PRO/1000 MT
   Физический адрес. . . . . . . . . : 00-0C-29-68-00-5F
   DHCP включен. . . . . . . . . . . : Да
   Автонастройка включена. . . . . . : Да
   Локальный IPv6-адрес канала . . . : fe80::7cb7:4763:112f:975d%11(Основной) 
   IPv4-адрес. . . . . . . . . . . . : 10.10.10.10(Основной) 
   Маска подсети . . . . . . . . . . : 255.255.255.0
   Аренда получена. . . . . . . . . . : 8 октября 2025 г. 22:34:41
   Срок аренды истекает. . . . . . . . . . : 16 октября 2025 г. 22:34:41
   Основной шлюз. . . . . . . . . : 
   DHCP-сервер. . . . . . . . . . . : 10.10.10.9
   IAID DHCPv6 . . . . . . . . . . . : 234884137
   DUID клиента DHCPv6 . . . . . . . : 00-01-00-01-30-78-71-95-00-0C-29-68-00-5F
   DNS-серверы. . . . . . . . . . . : 10.10.10.9
   NetBios через TCP/IP. . . . . . . . : Включен

Туннельный адаптер isatap.{4CB7AD3D-88F0-4E88-986E-80CB303B489E}:

   Состояние среды. . . . . . . . : Среда передачи недоступна.
   DNS-суффикс подключения . . . . . : 
   Описание. . . . . . . . . . . . . : Адаптер Microsoft ISATAP
   Физический адрес. . . . . . . . . : 00-00-00-00-00-00-00-E0
   DHCP включен. . . . . . . . . . . : Нет
   Автонастройка включена. . . . . . : Да
